{
  "/Users/johnpc/repo/jpc-party-pics/src/App.tsx": {
    "path": "/Users/johnpc/repo/jpc-party-pics/src/App.tsx",
    "statementMap": {
      "0": {
        "start": { "line": 10, "column": 0 },
        "end": { "line": 10, "column": null }
      },
      "1": {
        "start": { "line": 12, "column": 21 },
        "end": { "line": 12, "column": null }
      },
      "2": {
        "start": { "line": 14, "column": 20 },
        "end": { "line": 14, "column": null }
      },
      "3": {
        "start": { "line": 15, "column": 20 },
        "end": { "line": 15, "column": null }
      },
      "4": {
        "start": { "line": 16, "column": 19 },
        "end": { "line": 16, "column": null }
      },
      "5": {
        "start": { "line": 17, "column": 18 },
        "end": { "line": 17, "column": null }
      },
      "6": {
        "start": { "line": 19, "column": 2 },
        "end": { "line": 36, "column": null }
      }
    },
    "fnMap": {
      "0": {
        "name": "App",
        "decl": {
          "start": { "line": 11, "column": 9 },
          "end": { "line": 11, "column": 15 }
        },
        "loc": {
          "start": { "line": 11, "column": 15 },
          "end": { "line": 38, "column": null }
        }
      }
    },
    "branchMap": {
      "0": {
        "loc": {
          "start": { "line": 27, "column": 7 },
          "end": { "line": 34, "column": null }
        },
        "type": "cond-expr",
        "locations": [
          {
            "start": { "line": 28, "column": 8 },
            "end": { "line": 29, "column": null }
          },
          {
            "start": { "line": 29, "column": 10 },
            "end": { "line": 34, "column": null }
          }
        ]
      },
      "1": {
        "loc": {
          "start": { "line": 29, "column": 10 },
          "end": { "line": 34, "column": null }
        },
        "type": "cond-expr",
        "locations": [
          {
            "start": { "line": 30, "column": 8 },
            "end": { "line": 31, "column": null }
          },
          {
            "start": { "line": 31, "column": 10 },
            "end": { "line": 34, "column": null }
          }
        ]
      },
      "2": {
        "loc": {
          "start": { "line": 31, "column": 10 },
          "end": { "line": 34, "column": null }
        },
        "type": "cond-expr",
        "locations": [
          {
            "start": { "line": 32, "column": 8 },
            "end": { "line": 34, "column": 9 }
          },
          {
            "start": { "line": 34, "column": 8 },
            "end": { "line": 34, "column": null }
          }
        ]
      }
    },
    "s": { "0": 1, "1": 5, "2": 5, "3": 5, "4": 5, "5": 5, "6": 5 },
    "f": { "0": 5 },
    "b": { "0": [2, 3], "1": [1, 2], "2": [1, 1] }
  },
  "/Users/johnpc/repo/jpc-party-pics/src/components/CreateAlbum.tsx": {
    "path": "/Users/johnpc/repo/jpc-party-pics/src/components/CreateAlbum.tsx",
    "statementMap": {
      "0": {
        "start": { "line": 14, "column": 13 },
        "end": { "line": 89, "column": null }
      },
      "1": {
        "start": { "line": 15, "column": 21 },
        "end": { "line": 15, "column": null }
      },
      "2": {
        "start": { "line": 16, "column": 15 },
        "end": { "line": 16, "column": null }
      },
      "3": {
        "start": { "line": 18, "column": 2 },
        "end": { "line": 87, "column": null }
      }
    },
    "fnMap": {
      "0": {
        "name": "(anonymous_0)",
        "decl": {
          "start": { "line": 14, "column": 13 },
          "end": { "line": 14, "column": 33 }
        },
        "loc": {
          "start": { "line": 14, "column": 33 },
          "end": { "line": 89, "column": null }
        }
      }
    },
    "branchMap": {
      "0": {
        "loc": {
          "start": { "line": 40, "column": 11 },
          "end": { "line": 66, "column": null }
        },
        "type": "cond-expr",
        "locations": [
          {
            "start": { "line": 41, "column": 12 },
            "end": { "line": 52, "column": null }
          },
          {
            "start": { "line": 52, "column": 12 },
            "end": { "line": 66, "column": null }
          }
        ]
      }
    },
    "s": { "0": 1, "1": 8, "2": 8, "3": 8 },
    "f": { "0": 8 },
    "b": { "0": [1, 7] }
  },
  "/Users/johnpc/repo/jpc-party-pics/src/components/Header.tsx": {
    "path": "/Users/johnpc/repo/jpc-party-pics/src/components/Header.tsx",
    "statementMap": {
      "0": {
        "start": { "line": 12, "column": 13 },
        "end": { "line": 50, "column": null }
      },
      "1": {
        "start": { "line": 13, "column": 21 },
        "end": { "line": 13, "column": null }
      },
      "2": {
        "start": { "line": 14, "column": 8 },
        "end": { "line": 16, "column": null }
      },
      "3": {
        "start": { "line": 15, "column": 4 },
        "end": { "line": 15, "column": null }
      },
      "4": {
        "start": { "line": 18, "column": 2 },
        "end": { "line": 48, "column": null }
      },
      "5": {
        "start": { "line": 21, "column": 29 },
        "end": { "line": 21, "column": null }
      }
    },
    "fnMap": {
      "0": {
        "name": "(anonymous_0)",
        "decl": {
          "start": { "line": 12, "column": 13 },
          "end": { "line": 12, "column": 28 }
        },
        "loc": {
          "start": { "line": 12, "column": 28 },
          "end": { "line": 50, "column": null }
        }
      },
      "1": {
        "name": "(anonymous_1)",
        "decl": {
          "start": { "line": 14, "column": 8 },
          "end": { "line": 14, "column": 23 }
        },
        "loc": {
          "start": { "line": 14, "column": 23 },
          "end": { "line": 16, "column": null }
        }
      },
      "2": {
        "name": "(anonymous_2)",
        "decl": {
          "start": { "line": 21, "column": 14 },
          "end": { "line": 21, "column": 29 }
        },
        "loc": {
          "start": { "line": 21, "column": 29 },
          "end": { "line": 21, "column": null }
        }
      }
    },
    "branchMap": {},
    "s": { "0": 1, "1": 3, "2": 3, "3": 1, "4": 3, "5": 1 },
    "f": { "0": 3, "1": 1, "2": 1 },
    "b": {}
  },
  "/Users/johnpc/repo/jpc-party-pics/src/components/Kiosk.tsx": {
    "path": "/Users/johnpc/repo/jpc-party-pics/src/components/Kiosk.tsx",
    "statementMap": {
      "0": {
        "start": { "line": 4, "column": 13 },
        "end": { "line": 16, "column": null }
      },
      "1": {
        "start": { "line": 5, "column": 21 },
        "end": { "line": 5, "column": null }
      },
      "2": {
        "start": { "line": 7, "column": 2 },
        "end": { "line": 14, "column": null }
      }
    },
    "fnMap": {
      "0": {
        "name": "(anonymous_0)",
        "decl": {
          "start": { "line": 4, "column": 13 },
          "end": { "line": 4, "column": 22 }
        },
        "loc": {
          "start": { "line": 4, "column": 55 },
          "end": { "line": 16, "column": null }
        }
      }
    },
    "branchMap": {},
    "s": { "0": 1, "1": 1, "2": 1 },
    "f": { "0": 1 },
    "b": {}
  },
  "/Users/johnpc/repo/jpc-party-pics/src/components/Camera/Camera.tsx": {
    "path": "/Users/johnpc/repo/jpc-party-pics/src/components/Camera/Camera.tsx",
    "statementMap": {
      "0": {
        "start": { "line": 8, "column": 13 },
        "end": { "line": 54, "column": null }
      },
      "1": {
        "start": { "line": 9, "column": 21 },
        "end": { "line": 9, "column": null }
      },
      "2": {
        "start": { "line": 10, "column": 14 },
        "end": { "line": 10, "column": null }
      },
      "3": {
        "start": { "line": 12, "column": 2 },
        "end": { "line": 15, "column": null }
      },
      "4": {
        "start": { "line": 13, "column": 4 },
        "end": { "line": 13, "column": null }
      },
      "5": {
        "start": { "line": 14, "column": 4 },
        "end": { "line": 14, "column": null }
      },
      "6": {
        "start": { "line": 14, "column": 17 },
        "end": { "line": 14, "column": null }
      },
      "7": {
        "start": { "line": 17, "column": 2 },
        "end": { "line": 52, "column": null }
      },
      "8": {
        "start": { "line": 21, "column": 26 },
        "end": { "line": 21, "column": null }
      }
    },
    "fnMap": {
      "0": {
        "name": "(anonymous_0)",
        "decl": {
          "start": { "line": 8, "column": 13 },
          "end": { "line": 8, "column": 23 }
        },
        "loc": {
          "start": { "line": 8, "column": 64 },
          "end": { "line": 54, "column": null }
        }
      },
      "1": {
        "name": "(anonymous_1)",
        "decl": {
          "start": { "line": 12, "column": 2 },
          "end": { "line": 12, "column": 18 }
        },
        "loc": {
          "start": { "line": 12, "column": 18 },
          "end": { "line": 15, "column": 5 }
        }
      },
      "2": {
        "name": "(anonymous_2)",
        "decl": {
          "start": { "line": 14, "column": 4 },
          "end": { "line": 14, "column": 17 }
        },
        "loc": {
          "start": { "line": 14, "column": 17 },
          "end": { "line": 14, "column": null }
        }
      },
      "3": {
        "name": "(anonymous_3)",
        "decl": {
          "start": { "line": 21, "column": 10 },
          "end": { "line": 21, "column": 26 }
        },
        "loc": {
          "start": { "line": 21, "column": 26 },
          "end": { "line": 21, "column": null }
        }
      }
    },
    "branchMap": {},
    "s": {
      "0": 1,
      "1": 6,
      "2": 6,
      "3": 6,
      "4": 6,
      "5": 6,
      "6": 6,
      "7": 6,
      "8": 1
    },
    "f": { "0": 6, "1": 6, "2": 6, "3": 1 },
    "b": {}
  },
  "/Users/johnpc/repo/jpc-party-pics/src/components/Camera/CameraStatusAlert.tsx": {
    "path": "/Users/johnpc/repo/jpc-party-pics/src/components/Camera/CameraStatusAlert.tsx",
    "statementMap": {
      "0": {
        "start": { "line": 3, "column": 13 },
        "end": { "line": 7, "column": null }
      },
      "1": {
        "start": { "line": 4, "column": 2 },
        "end": { "line": 4, "column": null }
      },
      "2": {
        "start": { "line": 4, "column": 30 },
        "end": { "line": 4, "column": null }
      },
      "3": {
        "start": { "line": 5, "column": 2 },
        "end": { "line": 5, "column": null }
      },
      "4": {
        "start": { "line": 5, "column": 28 },
        "end": { "line": 5, "column": null }
      },
      "5": {
        "start": { "line": 6, "column": 2 },
        "end": { "line": 6, "column": null }
      }
    },
    "fnMap": {
      "0": {
        "name": "(anonymous_0)",
        "decl": {
          "start": { "line": 3, "column": 13 },
          "end": { "line": 3, "column": 34 }
        },
        "loc": {
          "start": { "line": 3, "column": 69 },
          "end": { "line": 7, "column": null }
        }
      }
    },
    "branchMap": {
      "0": {
        "loc": {
          "start": { "line": 4, "column": 2 },
          "end": { "line": 4, "column": null }
        },
        "type": "if",
        "locations": [
          {
            "start": { "line": 4, "column": 2 },
            "end": { "line": 4, "column": null }
          },
          { "start": {}, "end": {} }
        ]
      },
      "1": {
        "loc": {
          "start": { "line": 5, "column": 2 },
          "end": { "line": 5, "column": null }
        },
        "type": "if",
        "locations": [
          {
            "start": { "line": 5, "column": 2 },
            "end": { "line": 5, "column": null }
          },
          { "start": {}, "end": {} }
        ]
      }
    },
    "s": { "0": 3, "1": 17, "2": 1, "3": 16, "4": 1, "5": 15 },
    "f": { "0": 17 },
    "b": { "0": [1, 16], "1": [1, 15] }
  },
  "/Users/johnpc/repo/jpc-party-pics/src/components/Camera/CaptureControls.tsx": {
    "path": "/Users/johnpc/repo/jpc-party-pics/src/components/Camera/CaptureControls.tsx",
    "statementMap": {
      "0": {
        "start": { "line": 14, "column": 13 },
        "end": { "line": 47, "column": null }
      },
      "1": {
        "start": { "line": 24, "column": 2 },
        "end": { "line": 35, "column": null }
      },
      "2": {
        "start": { "line": 25, "column": 4 },
        "end": { "line": 33, "column": null }
      },
      "3": {
        "start": { "line": 37, "column": 2 },
        "end": { "line": 45, "column": null }
      }
    },
    "fnMap": {
      "0": {
        "name": "(anonymous_0)",
        "decl": {
          "start": { "line": 14, "column": 13 },
          "end": { "line": 14, "column": 32 }
        },
        "loc": {
          "start": { "line": 23, "column": 28 },
          "end": { "line": 47, "column": null }
        }
      }
    },
    "branchMap": {
      "0": {
        "loc": {
          "start": { "line": 21, "column": 2 },
          "end": { "line": 21, "column": null }
        },
        "type": "default-arg",
        "locations": [
          {
            "start": { "line": 21, "column": 9 },
            "end": { "line": 21, "column": null }
          }
        ]
      },
      "1": {
        "loc": {
          "start": { "line": 22, "column": 2 },
          "end": { "line": 22, "column": null }
        },
        "type": "default-arg",
        "locations": [
          {
            "start": { "line": 22, "column": 15 },
            "end": { "line": 22, "column": null }
          }
        ]
      },
      "2": {
        "loc": {
          "start": { "line": 24, "column": 2 },
          "end": { "line": 35, "column": null }
        },
        "type": "if",
        "locations": [
          {
            "start": { "line": 24, "column": 2 },
            "end": { "line": 35, "column": null }
          },
          { "start": {}, "end": {} }
        ]
      },
      "3": {
        "loc": {
          "start": { "line": 39, "column": 15 },
          "end": { "line": 39, "column": null }
        },
        "type": "cond-expr",
        "locations": [
          {
            "start": { "line": 39, "column": 27 },
            "end": { "line": 39, "column": 45 }
          },
          {
            "start": { "line": 39, "column": 45 },
            "end": { "line": 39, "column": null }
          }
        ]
      },
      "4": {
        "loc": {
          "start": { "line": 42, "column": 17 },
          "end": { "line": 42, "column": null }
        },
        "type": "cond-expr",
        "locations": [
          {
            "start": { "line": 42, "column": 29 },
            "end": { "line": 42, "column": 41 }
          },
          {
            "start": { "line": 42, "column": 41 },
            "end": { "line": 42, "column": null }
          }
        ]
      },
      "5": {
        "loc": {
          "start": { "line": 44, "column": 7 },
          "end": { "line": 44, "column": null }
        },
        "type": "cond-expr",
        "locations": [
          {
            "start": { "line": 44, "column": 19 },
            "end": { "line": 44, "column": 40 }
          },
          {
            "start": { "line": 44, "column": 40 },
            "end": { "line": 44, "column": null }
          }
        ]
      }
    },
    "s": { "0": 3, "1": 22, "2": 14, "3": 8 },
    "f": { "0": 22 },
    "b": {
      "0": [14],
      "1": [13],
      "2": [14, 8],
      "3": [4, 4],
      "4": [4, 4],
      "5": [4, 4]
    }
  },
  "/Users/johnpc/repo/jpc-party-pics/src/components/Camera/ModeToggle.tsx": {
    "path": "/Users/johnpc/repo/jpc-party-pics/src/components/Camera/ModeToggle.tsx",
    "statementMap": {
      "0": {
        "start": { "line": 8, "column": 13 },
        "end": { "line": 24, "column": null }
      },
      "1": {
        "start": { "line": 9, "column": 2 },
        "end": { "line": 24, "column": null }
      },
      "2": {
        "start": { "line": 12, "column": 21 },
        "end": { "line": 12, "column": null }
      },
      "3": {
        "start": { "line": 19, "column": 21 },
        "end": { "line": 19, "column": null }
      }
    },
    "fnMap": {
      "0": {
        "name": "(anonymous_0)",
        "decl": {
          "start": { "line": 8, "column": 13 },
          "end": { "line": 8, "column": 27 }
        },
        "loc": {
          "start": { "line": 9, "column": 2 },
          "end": { "line": 24, "column": null }
        }
      },
      "1": {
        "name": "(anonymous_1)",
        "decl": {
          "start": { "line": 12, "column": 6 },
          "end": { "line": 12, "column": 21 }
        },
        "loc": {
          "start": { "line": 12, "column": 21 },
          "end": { "line": 12, "column": null }
        }
      },
      "2": {
        "name": "(anonymous_2)",
        "decl": {
          "start": { "line": 19, "column": 6 },
          "end": { "line": 19, "column": 21 }
        },
        "loc": {
          "start": { "line": 19, "column": 21 },
          "end": { "line": 19, "column": null }
        }
      }
    },
    "branchMap": {
      "0": {
        "loc": {
          "start": { "line": 11, "column": 17 },
          "end": { "line": 11, "column": null }
        },
        "type": "cond-expr",
        "locations": [
          {
            "start": { "line": 11, "column": 36 },
            "end": { "line": 11, "column": 48 }
          },
          {
            "start": { "line": 11, "column": 48 },
            "end": { "line": 11, "column": null }
          }
        ]
      },
      "1": {
        "loc": {
          "start": { "line": 18, "column": 17 },
          "end": { "line": 18, "column": null }
        },
        "type": "cond-expr",
        "locations": [
          {
            "start": { "line": 18, "column": 36 },
            "end": { "line": 18, "column": 48 }
          },
          {
            "start": { "line": 18, "column": 48 },
            "end": { "line": 18, "column": null }
          }
        ]
      }
    },
    "s": { "0": 3, "1": 19, "2": 1, "3": 2 },
    "f": { "0": 19, "1": 1, "2": 2 },
    "b": { "0": [13, 6], "1": [6, 13] }
  },
  "/Users/johnpc/repo/jpc-party-pics/src/components/PartyPicsAlbum/CameraButton.tsx": {
    "path": "/Users/johnpc/repo/jpc-party-pics/src/components/PartyPicsAlbum/CameraButton.tsx",
    "statementMap": {
      "0": {
        "start": { "line": 3, "column": 13 },
        "end": { "line": 20, "column": null }
      },
      "1": {
        "start": { "line": 4, "column": 21 },
        "end": { "line": 4, "column": null }
      },
      "2": {
        "start": { "line": 6, "column": 2 },
        "end": { "line": 18, "column": null }
      },
      "3": {
        "start": { "line": 8, "column": 21 },
        "end": { "line": 8, "column": null }
      }
    },
    "fnMap": {
      "0": {
        "name": "(anonymous_0)",
        "decl": {
          "start": { "line": 3, "column": 13 },
          "end": { "line": 3, "column": 29 }
        },
        "loc": {
          "start": { "line": 3, "column": 70 },
          "end": { "line": 20, "column": null }
        }
      },
      "1": {
        "name": "(anonymous_1)",
        "decl": {
          "start": { "line": 8, "column": 6 },
          "end": { "line": 8, "column": 21 }
        },
        "loc": {
          "start": { "line": 8, "column": 21 },
          "end": { "line": 8, "column": null }
        }
      }
    },
    "branchMap": {},
    "s": { "0": 1, "1": 2, "2": 2, "3": 1 },
    "f": { "0": 2, "1": 1 },
    "b": {}
  },
  "/Users/johnpc/repo/jpc-party-pics/src/components/PartyPicsAlbum/CameraCapture.tsx": {
    "path": "/Users/johnpc/repo/jpc-party-pics/src/components/PartyPicsAlbum/CameraCapture.tsx",
    "statementMap": {
      "0": {
        "start": { "line": 7, "column": 13 },
        "end": { "line": 60, "column": null }
      },
      "1": {
        "start": { "line": 8, "column": 21 },
        "end": { "line": 8, "column": null }
      },
      "2": {
        "start": { "line": 9, "column": 14 },
        "end": { "line": 9, "column": null }
      },
      "3": {
        "start": { "line": 11, "column": 2 },
        "end": { "line": 17, "column": null }
      },
      "4": {
        "start": { "line": 12, "column": 4 },
        "end": { "line": 15, "column": null }
      },
      "5": {
        "start": { "line": 19, "column": 2 },
        "end": { "line": 58, "column": null }
      }
    },
    "fnMap": {
      "0": {
        "name": "(anonymous_0)",
        "decl": {
          "start": { "line": 7, "column": 13 },
          "end": { "line": 7, "column": 30 }
        },
        "loc": {
          "start": { "line": 7, "column": 71 },
          "end": { "line": 60, "column": null }
        }
      }
    },
    "branchMap": {
      "0": {
        "loc": {
          "start": { "line": 11, "column": 2 },
          "end": { "line": 17, "column": null }
        },
        "type": "if",
        "locations": [
          {
            "start": { "line": 11, "column": 2 },
            "end": { "line": 17, "column": null }
          },
          { "start": {}, "end": {} }
        ]
      }
    },
    "s": { "0": 1, "1": 10, "2": 10, "3": 10, "4": 2, "5": 8 },
    "f": { "0": 10 },
    "b": { "0": [2, 8] }
  },
  "/Users/johnpc/repo/jpc-party-pics/src/components/PartyPicsAlbum/CopyLink.tsx": {
    "path": "/Users/johnpc/repo/jpc-party-pics/src/components/PartyPicsAlbum/CopyLink.tsx",
    "statementMap": {
      "0": {
        "start": { "line": 5, "column": 13 },
        "end": { "line": 27, "column": null }
      },
      "1": {
        "start": { "line": 6, "column": 21 },
        "end": { "line": 6, "column": null }
      },
      "2": {
        "start": { "line": 7, "column": 30 },
        "end": { "line": 7, "column": null }
      },
      "3": {
        "start": { "line": 8, "column": 18 },
        "end": { "line": 8, "column": null }
      },
      "4": {
        "start": { "line": 9, "column": 2 },
        "end": { "line": 25, "column": null }
      },
      "5": {
        "start": { "line": 13, "column": 8 },
        "end": { "line": 13, "column": null }
      },
      "6": {
        "start": { "line": 14, "column": 8 },
        "end": { "line": 14, "column": null }
      },
      "7": {
        "start": { "line": 14, "column": 25 },
        "end": { "line": 14, "column": 43 }
      }
    },
    "fnMap": {
      "0": {
        "name": "(anonymous_0)",
        "decl": {
          "start": { "line": 5, "column": 13 },
          "end": { "line": 5, "column": 25 }
        },
        "loc": {
          "start": { "line": 5, "column": 101 },
          "end": { "line": 27, "column": null }
        }
      },
      "1": {
        "name": "(anonymous_1)",
        "decl": {
          "start": { "line": 12, "column": 6 },
          "end": { "line": 12, "column": 20 }
        },
        "loc": {
          "start": { "line": 12, "column": 20 },
          "end": { "line": 15, "column": null }
        }
      },
      "2": {
        "name": "(anonymous_2)",
        "decl": {
          "start": { "line": 14, "column": 8 },
          "end": { "line": 14, "column": 25 }
        },
        "loc": {
          "start": { "line": 14, "column": 25 },
          "end": { "line": 14, "column": 43 }
        }
      }
    },
    "branchMap": {
      "0": {
        "loc": {
          "start": { "line": 20, "column": 20 },
          "end": { "line": 20, "column": null }
        },
        "type": "cond-expr",
        "locations": [
          {
            "start": { "line": 20, "column": 29 },
            "end": { "line": 20, "column": 41 }
          },
          {
            "start": { "line": 20, "column": 41 },
            "end": { "line": 20, "column": null }
          }
        ]
      },
      "1": {
        "loc": {
          "start": { "line": 23, "column": 9 },
          "end": { "line": 23, "column": null }
        },
        "type": "cond-expr",
        "locations": [
          {
            "start": { "line": 23, "column": 18 },
            "end": { "line": 23, "column": 24 }
          },
          {
            "start": { "line": 23, "column": 24 },
            "end": { "line": 23, "column": null }
          }
        ]
      },
      "2": {
        "loc": {
          "start": { "line": 23, "column": 24 },
          "end": { "line": 23, "column": null }
        },
        "type": "binary-expr",
        "locations": [
          {
            "start": { "line": 23, "column": 24 },
            "end": { "line": 23, "column": 39 }
          },
          {
            "start": { "line": 23, "column": 39 },
            "end": { "line": 23, "column": null }
          }
        ]
      }
    },
    "s": { "0": 1, "1": 5, "2": 5, "3": 5, "4": 5, "5": 1, "6": 1, "7": 1 },
    "f": { "0": 5, "1": 1, "2": 1 },
    "b": { "0": [1, 4], "1": [1, 4], "2": [4, 3] }
  },
  "/Users/johnpc/repo/jpc-party-pics/src/components/PartyPicsAlbum/PartyPicsAlbum.tsx": {
    "path": "/Users/johnpc/repo/jpc-party-pics/src/components/PartyPicsAlbum/PartyPicsAlbum.tsx",
    "statementMap": {
      "0": {
        "start": { "line": 11, "column": 6 },
        "end": { "line": 22, "column": null }
      },
      "1": {
        "start": { "line": 12, "column": 15 },
        "end": { "line": 12, "column": null }
      },
      "2": {
        "start": { "line": 14, "column": 4 },
        "end": { "line": 14, "column": null }
      },
      "3": {
        "start": { "line": 15, "column": 27 },
        "end": { "line": 15, "column": null }
      },
      "4": {
        "start": { "line": 16, "column": 16 },
        "end": { "line": 16, "column": null }
      },
      "5": {
        "start": { "line": 17, "column": 2 },
        "end": { "line": 20, "column": null }
      },
      "6": {
        "start": { "line": 18, "column": 4 },
        "end": { "line": 18, "column": null }
      },
      "7": {
        "start": { "line": 19, "column": 4 },
        "end": { "line": 19, "column": null }
      },
      "8": {
        "start": { "line": 21, "column": 2 },
        "end": { "line": 21, "column": null }
      },
      "9": {
        "start": { "line": 24, "column": 15 },
        "end": { "line": 24, "column": null }
      },
      "10": {
        "start": { "line": 26, "column": 13 },
        "end": { "line": 86, "column": null }
      },
      "11": {
        "start": { "line": 27, "column": 21 },
        "end": { "line": 27, "column": null }
      },
      "12": {
        "start": { "line": 28, "column": 17 },
        "end": { "line": 28, "column": null }
      },
      "13": {
        "start": { "line": 29, "column": 22 },
        "end": { "line": 29, "column": null }
      },
      "14": {
        "start": { "line": 31, "column": 13 },
        "end": { "line": 31, "column": null }
      },
      "15": {
        "start": { "line": 32, "column": 2 },
        "end": { "line": 34, "column": null }
      },
      "16": {
        "start": { "line": 33, "column": 4 },
        "end": { "line": 33, "column": null }
      },
      "17": {
        "start": { "line": 36, "column": 20 },
        "end": { "line": 40, "column": null }
      },
      "18": {
        "start": { "line": 37, "column": 4 },
        "end": { "line": 39, "column": null }
      },
      "19": {
        "start": { "line": 38, "column": 6 },
        "end": { "line": 38, "column": null }
      },
      "20": {
        "start": { "line": 42, "column": 2 },
        "end": { "line": 84, "column": null }
      }
    },
    "fnMap": {
      "0": {
        "name": "(anonymous_0)",
        "decl": {
          "start": { "line": 11, "column": 6 },
          "end": { "line": 11, "column": 18 }
        },
        "loc": {
          "start": { "line": 11, "column": 45 },
          "end": { "line": 22, "column": null }
        }
      },
      "1": {
        "name": "(anonymous_1)",
        "decl": {
          "start": { "line": 26, "column": 13 },
          "end": { "line": 26, "column": 31 }
        },
        "loc": {
          "start": { "line": 26, "column": 64 },
          "end": { "line": 86, "column": null }
        }
      },
      "2": {
        "name": "(anonymous_2)",
        "decl": {
          "start": { "line": 36, "column": 20 },
          "end": { "line": 36, "column": 27 }
        },
        "loc": {
          "start": { "line": 36, "column": 67 },
          "end": { "line": 40, "column": null }
        }
      }
    },
    "branchMap": {
      "0": {
        "loc": {
          "start": { "line": 32, "column": 2 },
          "end": { "line": 34, "column": null }
        },
        "type": "if",
        "locations": [
          {
            "start": { "line": 32, "column": 2 },
            "end": { "line": 34, "column": null }
          },
          { "start": {}, "end": {} }
        ]
      },
      "1": {
        "loc": {
          "start": { "line": 37, "column": 4 },
          "end": { "line": 39, "column": null }
        },
        "type": "if",
        "locations": [
          {
            "start": { "line": 37, "column": 4 },
            "end": { "line": 39, "column": null }
          },
          { "start": {}, "end": {} }
        ]
      }
    },
    "s": {
      "0": 1,
      "1": 5,
      "2": 5,
      "3": 5,
      "4": 5,
      "5": 5,
      "6": 25,
      "7": 25,
      "8": 5,
      "9": 1,
      "10": 1,
      "11": 5,
      "12": 5,
      "13": 5,
      "14": 5,
      "15": 5,
      "16": 5,
      "17": 5,
      "18": 0,
      "19": 0,
      "20": 5
    },
    "f": { "0": 5, "1": 5, "2": 0 },
    "b": { "0": [5, 0], "1": [0, 0] }
  },
  "/Users/johnpc/repo/jpc-party-pics/src/components/PartyPicsAlbum/SharedPhotos/KioskImage.tsx": {
    "path": "/Users/johnpc/repo/jpc-party-pics/src/components/PartyPicsAlbum/SharedPhotos/KioskImage.tsx",
    "statementMap": {
      "0": {
        "start": { "line": 7, "column": 13 },
        "end": { "line": 55, "column": null }
      },
      "1": {
        "start": { "line": 10, "column": 21 },
        "end": { "line": 10, "column": null }
      },
      "2": {
        "start": { "line": 11, "column": 24 },
        "end": { "line": 11, "column": null }
      },
      "3": {
        "start": { "line": 12, "column": 2 },
        "end": { "line": 18, "column": null }
      },
      "4": {
        "start": { "line": 13, "column": 21 },
        "end": { "line": 16, "column": null }
      },
      "5": {
        "start": { "line": 14, "column": 18 },
        "end": { "line": 14, "column": null }
      },
      "6": {
        "start": { "line": 15, "column": 6 },
        "end": { "line": 15, "column": null }
      },
      "7": {
        "start": { "line": 17, "column": 4 },
        "end": { "line": 17, "column": null }
      },
      "8": {
        "start": { "line": 20, "column": 2 },
        "end": { "line": 22, "column": null }
      },
      "9": {
        "start": { "line": 21, "column": 4 },
        "end": { "line": 21, "column": null }
      },
      "10": {
        "start": { "line": 24, "column": 2 },
        "end": { "line": 53, "column": null }
      }
    },
    "fnMap": {
      "0": {
        "name": "(anonymous_0)",
        "decl": {
          "start": { "line": 7, "column": 13 },
          "end": { "line": 7, "column": 27 }
        },
        "loc": {
          "start": { "line": 9, "column": 6 },
          "end": { "line": 55, "column": null }
        }
      },
      "1": {
        "name": "(anonymous_1)",
        "decl": {
          "start": { "line": 12, "column": 2 },
          "end": { "line": 12, "column": 18 }
        },
        "loc": {
          "start": { "line": 12, "column": 18 },
          "end": { "line": 18, "column": 5 }
        }
      },
      "2": {
        "name": "(anonymous_2)",
        "decl": {
          "start": { "line": 13, "column": 21 },
          "end": { "line": 13, "column": 33 }
        },
        "loc": {
          "start": { "line": 13, "column": 33 },
          "end": { "line": 16, "column": null }
        }
      }
    },
    "branchMap": {
      "0": {
        "loc": {
          "start": { "line": 20, "column": 2 },
          "end": { "line": 22, "column": null }
        },
        "type": "if",
        "locations": [
          {
            "start": { "line": 20, "column": 2 },
            "end": { "line": 22, "column": null }
          },
          { "start": {}, "end": {} }
        ]
      },
      "1": {
        "loc": {
          "start": { "line": 24, "column": 9 },
          "end": { "line": 53, "column": null }
        },
        "type": "cond-expr",
        "locations": [
          {
            "start": { "line": 25, "column": 4 },
            "end": { "line": 36, "column": null }
          },
          {
            "start": { "line": 38, "column": 4 },
            "end": { "line": 53, "column": null }
          }
        ]
      }
    },
    "s": {
      "0": 1,
      "1": 6,
      "2": 6,
      "3": 5,
      "4": 3,
      "5": 3,
      "6": 3,
      "7": 3,
      "8": 5,
      "9": 3,
      "10": 2
    },
    "f": { "0": 6, "1": 3, "2": 3 },
    "b": { "0": [3, 2], "1": [1, 1] }
  },
  "/Users/johnpc/repo/jpc-party-pics/src/components/PartyPicsAlbum/SharedPhotos/KioskSharedPhotos.tsx": {
    "path": "/Users/johnpc/repo/jpc-party-pics/src/components/PartyPicsAlbum/SharedPhotos/KioskSharedPhotos.tsx",
    "statementMap": {
      "0": {
        "start": { "line": 9, "column": 13 },
        "end": { "line": 40, "column": null }
      },
      "1": {
        "start": { "line": 10, "column": 21 },
        "end": { "line": 10, "column": null }
      },
      "2": {
        "start": { "line": 11, "column": 43 },
        "end": { "line": 11, "column": null }
      },
      "3": {
        "start": { "line": 13, "column": 2 },
        "end": { "line": 15, "column": null }
      },
      "4": {
        "start": { "line": 14, "column": 4 },
        "end": { "line": 14, "column": null }
      },
      "5": {
        "start": { "line": 17, "column": 2 },
        "end": { "line": 23, "column": null }
      },
      "6": {
        "start": { "line": 18, "column": 4 },
        "end": { "line": 21, "column": null }
      },
      "7": {
        "start": { "line": 25, "column": 2 },
        "end": { "line": 38, "column": null }
      },
      "8": {
        "start": { "line": 33, "column": 8 },
        "end": { "line": 36, "column": null }
      }
    },
    "fnMap": {
      "0": {
        "name": "(anonymous_0)",
        "decl": {
          "start": { "line": 9, "column": 13 },
          "end": { "line": 9, "column": 34 }
        },
        "loc": {
          "start": { "line": 9, "column": 67 },
          "end": { "line": 40, "column": null }
        }
      },
      "1": {
        "name": "(anonymous_1)",
        "decl": {
          "start": { "line": 32, "column": 14 },
          "end": { "line": 32, "column": 19 }
        },
        "loc": {
          "start": { "line": 33, "column": 8 },
          "end": { "line": 36, "column": null }
        }
      }
    },
    "branchMap": {
      "0": {
        "loc": {
          "start": { "line": 11, "column": 16 },
          "end": { "line": 11, "column": 29 }
        },
        "type": "default-arg",
        "locations": [
          {
            "start": { "line": 11, "column": 25 },
            "end": { "line": 11, "column": 29 }
          }
        ]
      },
      "1": {
        "loc": {
          "start": { "line": 13, "column": 2 },
          "end": { "line": 15, "column": null }
        },
        "type": "if",
        "locations": [
          {
            "start": { "line": 13, "column": 2 },
            "end": { "line": 15, "column": null }
          },
          { "start": {}, "end": {} }
        ]
      },
      "2": {
        "loc": {
          "start": { "line": 17, "column": 2 },
          "end": { "line": 23, "column": null }
        },
        "type": "if",
        "locations": [
          {
            "start": { "line": 17, "column": 2 },
            "end": { "line": 23, "column": null }
          },
          { "start": {}, "end": {} }
        ]
      }
    },
    "s": {
      "0": 1,
      "1": 3,
      "2": 3,
      "3": 3,
      "4": 1,
      "5": 2,
      "6": 1,
      "7": 1,
      "8": 2
    },
    "f": { "0": 3, "1": 2 },
    "b": { "0": [0], "1": [1, 2], "2": [1, 1] }
  },
  "/Users/johnpc/repo/jpc-party-pics/src/components/PartyPicsAlbum/SharedPhotos/ModalImage.tsx": {
    "path": "/Users/johnpc/repo/jpc-party-pics/src/components/PartyPicsAlbum/SharedPhotos/ModalImage.tsx",
    "statementMap": {
      "0": {
        "start": { "line": 7, "column": 13 },
        "end": { "line": 55, "column": null }
      },
      "1": {
        "start": { "line": 8, "column": 21 },
        "end": { "line": 8, "column": null }
      },
      "2": {
        "start": { "line": 9, "column": 24 },
        "end": { "line": 9, "column": null }
      },
      "3": {
        "start": { "line": 10, "column": 2 },
        "end": { "line": 16, "column": null }
      },
      "4": {
        "start": { "line": 11, "column": 21 },
        "end": { "line": 14, "column": null }
      },
      "5": {
        "start": { "line": 12, "column": 18 },
        "end": { "line": 12, "column": null }
      },
      "6": {
        "start": { "line": 13, "column": 6 },
        "end": { "line": 13, "column": null }
      },
      "7": {
        "start": { "line": 15, "column": 4 },
        "end": { "line": 15, "column": null }
      },
      "8": {
        "start": { "line": 19, "column": 4 },
        "end": { "line": 51, "column": null }
      },
      "9": {
        "start": { "line": 54, "column": 2 },
        "end": { "line": 54, "column": null }
      }
    },
    "fnMap": {
      "0": {
        "name": "(anonymous_0)",
        "decl": {
          "start": { "line": 7, "column": 13 },
          "end": { "line": 7, "column": 27 }
        },
        "loc": {
          "start": { "line": 7, "column": 73 },
          "end": { "line": 55, "column": null }
        }
      },
      "1": {
        "name": "(anonymous_1)",
        "decl": {
          "start": { "line": 10, "column": 2 },
          "end": { "line": 10, "column": 18 }
        },
        "loc": {
          "start": { "line": 10, "column": 18 },
          "end": { "line": 16, "column": 5 }
        }
      },
      "2": {
        "name": "(anonymous_2)",
        "decl": {
          "start": { "line": 11, "column": 21 },
          "end": { "line": 11, "column": 33 }
        },
        "loc": {
          "start": { "line": 11, "column": 33 },
          "end": { "line": 14, "column": null }
        }
      }
    },
    "branchMap": {
      "0": {
        "loc": {
          "start": { "line": 19, "column": 4 },
          "end": { "line": 51, "column": null }
        },
        "type": "cond-expr",
        "locations": [
          {
            "start": { "line": 20, "column": 6 },
            "end": { "line": 32, "column": null }
          },
          {
            "start": { "line": 34, "column": 6 },
            "end": { "line": 51, "column": null }
          }
        ]
      }
    },
    "s": {
      "0": 1,
      "1": 4,
      "2": 4,
      "3": 4,
      "4": 2,
      "5": 2,
      "6": 2,
      "7": 2,
      "8": 4,
      "9": 4
    },
    "f": { "0": 4, "1": 2, "2": 2 },
    "b": { "0": [2, 2] }
  },
  "/Users/johnpc/repo/jpc-party-pics/src/components/PartyPicsAlbum/SharedPhotos/PhotoModal.tsx": {
    "path": "/Users/johnpc/repo/jpc-party-pics/src/components/PartyPicsAlbum/SharedPhotos/PhotoModal.tsx",
    "statementMap": {
      "0": {
        "start": { "line": 21, "column": 18 },
        "end": { "line": 21, "column": null }
      },
      "1": {
        "start": { "line": 23, "column": 13 },
        "end": { "line": 77, "column": null }
      },
      "2": {
        "start": { "line": 31, "column": 21 },
        "end": { "line": 31, "column": null }
      },
      "3": {
        "start": { "line": 33, "column": 2 },
        "end": { "line": 33, "column": null }
      },
      "4": {
        "start": { "line": 33, "column": 14 },
        "end": { "line": 33, "column": null }
      },
      "5": {
        "start": { "line": 35, "column": 8 },
        "end": { "line": 38, "column": null }
      },
      "6": {
        "start": { "line": 36, "column": 4 },
        "end": { "line": 36, "column": null }
      },
      "7": {
        "start": { "line": 36, "column": 30 },
        "end": { "line": 36, "column": null }
      },
      "8": {
        "start": { "line": 37, "column": 4 },
        "end": { "line": 37, "column": null }
      },
      "9": {
        "start": { "line": 37, "column": 30 },
        "end": { "line": 37, "column": null }
      },
      "10": {
        "start": { "line": 40, "column": 2 },
        "end": { "line": 75, "column": null }
      },
      "11": {
        "start": { "line": 49, "column": 41 },
        "end": { "line": 49, "column": null }
      },
      "12": {
        "start": { "line": 53, "column": 41 },
        "end": { "line": 53, "column": null }
      },
      "13": {
        "start": { "line": 61, "column": 27 },
        "end": { "line": 61, "column": null }
      },
      "14": {
        "start": { "line": 69, "column": 27 },
        "end": { "line": 69, "column": null }
      }
    },
    "fnMap": {
      "0": {
        "name": "(anonymous_0)",
        "decl": {
          "start": { "line": 23, "column": 13 },
          "end": { "line": 23, "column": 27 }
        },
        "loc": {
          "start": { "line": 30, "column": 23 },
          "end": { "line": 77, "column": null }
        }
      },
      "1": {
        "name": "(anonymous_1)",
        "decl": {
          "start": { "line": 35, "column": 8 },
          "end": { "line": 35, "column": 23 }
        },
        "loc": {
          "start": { "line": 35, "column": 54 },
          "end": { "line": 38, "column": null }
        }
      },
      "2": {
        "name": "(anonymous_2)",
        "decl": {
          "start": { "line": 49, "column": 26 },
          "end": { "line": 49, "column": 41 }
        },
        "loc": {
          "start": { "line": 49, "column": 41 },
          "end": { "line": 49, "column": null }
        }
      },
      "3": {
        "name": "(anonymous_3)",
        "decl": {
          "start": { "line": 53, "column": 26 },
          "end": { "line": 53, "column": 41 }
        },
        "loc": {
          "start": { "line": 53, "column": 41 },
          "end": { "line": 53, "column": null }
        }
      },
      "4": {
        "name": "(anonymous_4)",
        "decl": {
          "start": { "line": 61, "column": 12 },
          "end": { "line": 61, "column": 27 }
        },
        "loc": {
          "start": { "line": 61, "column": 27 },
          "end": { "line": 61, "column": null }
        }
      },
      "5": {
        "name": "(anonymous_5)",
        "decl": {
          "start": { "line": 69, "column": 12 },
          "end": { "line": 69, "column": 27 }
        },
        "loc": {
          "start": { "line": 69, "column": 27 },
          "end": { "line": 69, "column": null }
        }
      }
    },
    "branchMap": {
      "0": {
        "loc": {
          "start": { "line": 21, "column": 18 },
          "end": { "line": 21, "column": null }
        },
        "type": "cond-expr",
        "locations": [
          {
            "start": { "line": 21, "column": 39 },
            "end": { "line": 21, "column": 50 }
          },
          {
            "start": { "line": 21, "column": 50 },
            "end": { "line": 21, "column": null }
          }
        ]
      },
      "1": {
        "loc": {
          "start": { "line": 33, "column": 2 },
          "end": { "line": 33, "column": null }
        },
        "type": "if",
        "locations": [
          {
            "start": { "line": 33, "column": 2 },
            "end": { "line": 33, "column": null }
          },
          { "start": {}, "end": {} }
        ]
      },
      "2": {
        "loc": {
          "start": { "line": 36, "column": 4 },
          "end": { "line": 36, "column": null }
        },
        "type": "if",
        "locations": [
          {
            "start": { "line": 36, "column": 4 },
            "end": { "line": 36, "column": null }
          },
          { "start": {}, "end": {} }
        ]
      },
      "3": {
        "loc": {
          "start": { "line": 37, "column": 4 },
          "end": { "line": 37, "column": null }
        },
        "type": "if",
        "locations": [
          {
            "start": { "line": 37, "column": 4 },
            "end": { "line": 37, "column": null }
          },
          { "start": {}, "end": {} }
        ]
      }
    },
    "s": {
      "0": 1,
      "1": 1,
      "2": 11,
      "3": 11,
      "4": 1,
      "5": 10,
      "6": 3,
      "7": 1,
      "8": 3,
      "9": 1,
      "10": 10,
      "11": 1,
      "12": 1,
      "13": 1,
      "14": 1
    },
    "f": { "0": 11, "1": 3, "2": 1, "3": 1, "4": 1, "5": 1 },
    "b": { "0": [0, 1], "1": [1, 10], "2": [1, 2], "3": [1, 2] }
  },
  "/Users/johnpc/repo/jpc-party-pics/src/components/PartyPicsAlbum/SharedPhotos/SharedImage.tsx": {
    "path": "/Users/johnpc/repo/jpc-party-pics/src/components/PartyPicsAlbum/SharedPhotos/SharedImage.tsx",
    "statementMap": {
      "0": {
        "start": { "line": 8, "column": 13 },
        "end": { "line": 71, "column": null }
      },
      "1": {
        "start": { "line": 12, "column": 21 },
        "end": { "line": 12, "column": null }
      },
      "2": {
        "start": { "line": 13, "column": 24 },
        "end": { "line": 13, "column": null }
      },
      "3": {
        "start": { "line": 14, "column": 2 },
        "end": { "line": 20, "column": null }
      },
      "4": {
        "start": { "line": 15, "column": 21 },
        "end": { "line": 18, "column": null }
      },
      "5": {
        "start": { "line": 16, "column": 18 },
        "end": { "line": 16, "column": null }
      },
      "6": {
        "start": { "line": 17, "column": 6 },
        "end": { "line": 17, "column": null }
      },
      "7": {
        "start": { "line": 19, "column": 4 },
        "end": { "line": 19, "column": null }
      },
      "8": {
        "start": { "line": 23, "column": 4 },
        "end": { "line": 54, "column": null }
      },
      "9": {
        "start": { "line": 34, "column": 23 },
        "end": { "line": 34, "column": null }
      },
      "10": {
        "start": { "line": 39, "column": 23 },
        "end": { "line": 39, "column": null }
      },
      "11": {
        "start": { "line": 57, "column": 2 },
        "end": { "line": 69, "column": null }
      }
    },
    "fnMap": {
      "0": {
        "name": "(anonymous_0)",
        "decl": {
          "start": { "line": 8, "column": 13 },
          "end": { "line": 8, "column": 28 }
        },
        "loc": {
          "start": { "line": 11, "column": 6 },
          "end": { "line": 71, "column": null }
        }
      },
      "1": {
        "name": "(anonymous_1)",
        "decl": {
          "start": { "line": 14, "column": 2 },
          "end": { "line": 14, "column": 18 }
        },
        "loc": {
          "start": { "line": 14, "column": 18 },
          "end": { "line": 20, "column": 5 }
        }
      },
      "2": {
        "name": "(anonymous_2)",
        "decl": {
          "start": { "line": 15, "column": 21 },
          "end": { "line": 15, "column": 33 }
        },
        "loc": {
          "start": { "line": 15, "column": 33 },
          "end": { "line": 18, "column": null }
        }
      },
      "3": {
        "name": "(anonymous_3)",
        "decl": {
          "start": { "line": 34, "column": 8 },
          "end": { "line": 34, "column": 23 }
        },
        "loc": {
          "start": { "line": 34, "column": 23 },
          "end": { "line": 34, "column": null }
        }
      },
      "4": {
        "name": "(anonymous_4)",
        "decl": {
          "start": { "line": 39, "column": 8 },
          "end": { "line": 39, "column": 23 }
        },
        "loc": {
          "start": { "line": 39, "column": 23 },
          "end": { "line": 39, "column": null }
        }
      }
    },
    "branchMap": {
      "0": {
        "loc": {
          "start": { "line": 23, "column": 4 },
          "end": { "line": 54, "column": null }
        },
        "type": "cond-expr",
        "locations": [
          {
            "start": { "line": 24, "column": 6 },
            "end": { "line": 36, "column": null }
          },
          {
            "start": { "line": 38, "column": 6 },
            "end": { "line": 54, "column": null }
          }
        ]
      },
      "1": {
        "loc": {
          "start": { "line": 64, "column": 13 },
          "end": { "line": 64, "column": null }
        },
        "type": "cond-expr",
        "locations": [
          {
            "start": { "line": 64, "column": 34 },
            "end": { "line": 64, "column": 42 }
          },
          {
            "start": { "line": 64, "column": 42 },
            "end": { "line": 64, "column": null }
          }
        ]
      },
      "2": {
        "loc": {
          "start": { "line": 68, "column": 7 },
          "end": { "line": 68, "column": null }
        },
        "type": "cond-expr",
        "locations": [
          {
            "start": { "line": 68, "column": 13 },
            "end": { "line": 68, "column": 30 }
          },
          {
            "start": { "line": 68, "column": 30 },
            "end": { "line": 68, "column": null }
          }
        ]
      }
    },
    "s": {
      "0": 1,
      "1": 4,
      "2": 4,
      "3": 4,
      "4": 2,
      "5": 2,
      "6": 2,
      "7": 2,
      "8": 4,
      "9": 1,
      "10": 0,
      "11": 4
    },
    "f": { "0": 4, "1": 2, "2": 2, "3": 1, "4": 0 },
    "b": { "0": [4, 0], "1": [0, 4], "2": [2, 2] }
  },
  "/Users/johnpc/repo/jpc-party-pics/src/components/PartyPicsAlbum/SharedPhotos/SharedPhotos.tsx": {
    "path": "/Users/johnpc/repo/jpc-party-pics/src/components/PartyPicsAlbum/SharedPhotos/SharedPhotos.tsx",
    "statementMap": {
      "0": {
        "start": { "line": 17, "column": 21 },
        "end": { "line": 17, "column": null }
      },
      "1": {
        "start": { "line": 19, "column": 13 },
        "end": { "line": 96, "column": null }
      },
      "2": {
        "start": { "line": 20, "column": 21 },
        "end": { "line": 20, "column": null }
      },
      "3": {
        "start": { "line": 21, "column": 18 },
        "end": { "line": 21, "column": null }
      },
      "4": {
        "start": { "line": 23, "column": 2 },
        "end": { "line": 94, "column": null }
      },
      "5": {
        "start": { "line": 64, "column": 10 },
        "end": { "line": 68, "column": null }
      },
      "6": {
        "start": { "line": 88, "column": 52 },
        "end": { "line": 88, "column": 70 }
      }
    },
    "fnMap": {
      "0": {
        "name": "(anonymous_0)",
        "decl": {
          "start": { "line": 19, "column": 13 },
          "end": { "line": 19, "column": 29 }
        },
        "loc": {
          "start": { "line": 19, "column": 62 },
          "end": { "line": 96, "column": null }
        }
      },
      "1": {
        "name": "(anonymous_1)",
        "decl": {
          "start": { "line": 63, "column": 10 },
          "end": { "line": 63, "column": null }
        },
        "loc": {
          "start": { "line": 64, "column": 10 },
          "end": { "line": 68, "column": null }
        }
      },
      "2": {
        "name": "(anonymous_2)",
        "decl": {
          "start": { "line": 88, "column": 29 },
          "end": { "line": 88, "column": 37 }
        },
        "loc": {
          "start": { "line": 88, "column": 52 },
          "end": { "line": 88, "column": 70 }
        }
      }
    },
    "branchMap": {
      "0": {
        "loc": {
          "start": { "line": 54, "column": 10 },
          "end": { "line": 59, "column": null }
        },
        "type": "cond-expr",
        "locations": [
          {
            "start": { "line": 55, "column": 12 },
            "end": { "line": 57, "column": 13 }
          },
          {
            "start": { "line": 57, "column": 12 },
            "end": { "line": 59, "column": null }
          }
        ]
      },
      "1": {
        "loc": {
          "start": { "line": 79, "column": 9 },
          "end": { "line": 91, "column": null }
        },
        "type": "cond-expr",
        "locations": [
          {
            "start": { "line": 80, "column": 10 },
            "end": { "line": 85, "column": 12 }
          },
          {
            "start": { "line": 85, "column": 10 },
            "end": { "line": 91, "column": null }
          }
        ]
      }
    },
    "s": { "0": 1, "1": 1, "2": 12, "3": 12, "4": 11, "5": 22, "6": 20 },
    "f": { "0": 12, "1": 22, "2": 20 },
    "b": { "0": [0, 11], "1": [1, 10] }
  },
  "/Users/johnpc/repo/jpc-party-pics/src/helpers/compressMedia.ts": {
    "path": "/Users/johnpc/repo/jpc-party-pics/src/helpers/compressMedia.ts",
    "statementMap": {
      "0": {
        "start": { "line": 3, "column": 20 },
        "end": { "line": 3, "column": null }
      },
      "1": {
        "start": { "line": 4, "column": 21 },
        "end": { "line": 4, "column": null }
      },
      "2": {
        "start": { "line": 5, "column": 16 },
        "end": { "line": 5, "column": null }
      },
      "3": {
        "start": { "line": 12, "column": 29 },
        "end": { "line": 45, "column": null }
      },
      "4": {
        "start": { "line": 15, "column": 24 },
        "end": { "line": 15, "column": null }
      },
      "5": {
        "start": { "line": 18, "column": 2 },
        "end": { "line": 20, "column": null }
      },
      "6": {
        "start": { "line": 19, "column": 4 },
        "end": { "line": 19, "column": null }
      },
      "7": {
        "start": { "line": 23, "column": 2 },
        "end": { "line": 25, "column": null }
      },
      "8": {
        "start": { "line": 24, "column": 4 },
        "end": { "line": 24, "column": null }
      },
      "9": {
        "start": { "line": 27, "column": 2 },
        "end": { "line": 44, "column": null }
      },
      "10": {
        "start": { "line": 28, "column": 23 },
        "end": { "line": 34, "column": null }
      },
      "11": {
        "start": { "line": 36, "column": 4 },
        "end": { "line": 38, "column": null }
      },
      "12": {
        "start": { "line": 40, "column": 4 },
        "end": { "line": 40, "column": null }
      },
      "13": {
        "start": { "line": 42, "column": 4 },
        "end": { "line": 42, "column": null }
      },
      "14": {
        "start": { "line": 43, "column": 4 },
        "end": { "line": 43, "column": null }
      }
    },
    "fnMap": {
      "0": {
        "name": "(anonymous_0)",
        "decl": {
          "start": { "line": 12, "column": 29 },
          "end": { "line": 12, "column": null }
        },
        "loc": {
          "start": { "line": 14, "column": 33 },
          "end": { "line": 45, "column": null }
        }
      }
    },
    "branchMap": {
      "0": {
        "loc": {
          "start": { "line": 18, "column": 2 },
          "end": { "line": 20, "column": null }
        },
        "type": "if",
        "locations": [
          {
            "start": { "line": 18, "column": 2 },
            "end": { "line": 20, "column": null }
          },
          { "start": {}, "end": {} }
        ]
      },
      "1": {
        "loc": {
          "start": { "line": 23, "column": 2 },
          "end": { "line": 25, "column": null }
        },
        "type": "if",
        "locations": [
          {
            "start": { "line": 23, "column": 2 },
            "end": { "line": 25, "column": null }
          },
          { "start": {}, "end": {} }
        ]
      }
    },
    "s": {
      "0": 1,
      "1": 1,
      "2": 1,
      "3": 1,
      "4": 4,
      "5": 4,
      "6": 1,
      "7": 3,
      "8": 1,
      "9": 2,
      "10": 2,
      "11": 1,
      "12": 1,
      "13": 1,
      "14": 1
    },
    "f": { "0": 4 },
    "b": { "0": [1, 3], "1": [1, 2] }
  },
  "/Users/johnpc/repo/jpc-party-pics/src/helpers/detectFileType.ts": {
    "path": "/Users/johnpc/repo/jpc-party-pics/src/helpers/detectFileType.ts",
    "statementMap": {
      "0": {
        "start": { "line": 4, "column": 28 },
        "end": { "line": 4, "column": null }
      },
      "1": {
        "start": { "line": 6, "column": 26 },
        "end": { "line": 14, "column": null }
      },
      "2": {
        "start": { "line": 15, "column": 26 },
        "end": { "line": 23, "column": null }
      },
      "3": {
        "start": { "line": 26, "column": 2 },
        "end": { "line": 28, "column": null }
      },
      "4": {
        "start": { "line": 26, "column": 36 },
        "end": { "line": 26, "column": 67 }
      },
      "5": {
        "start": { "line": 27, "column": 4 },
        "end": { "line": 27, "column": null }
      },
      "6": {
        "start": { "line": 31, "column": 2 },
        "end": { "line": 33, "column": null }
      },
      "7": {
        "start": { "line": 31, "column": 36 },
        "end": { "line": 31, "column": 67 }
      },
      "8": {
        "start": { "line": 32, "column": 4 },
        "end": { "line": 32, "column": null }
      },
      "9": {
        "start": { "line": 36, "column": 2 },
        "end": { "line": 36, "column": null }
      }
    },
    "fnMap": {
      "0": {
        "name": "detectFileType",
        "decl": {
          "start": { "line": 1, "column": 16 },
          "end": { "line": 1, "column": null }
        },
        "loc": {
          "start": { "line": 3, "column": 33 },
          "end": { "line": 37, "column": null }
        }
      },
      "1": {
        "name": "(anonymous_1)",
        "decl": {
          "start": { "line": 26, "column": 22 },
          "end": { "line": 26, "column": 28 }
        },
        "loc": {
          "start": { "line": 26, "column": 36 },
          "end": { "line": 26, "column": 67 }
        }
      },
      "2": {
        "name": "(anonymous_2)",
        "decl": {
          "start": { "line": 31, "column": 22 },
          "end": { "line": 31, "column": 28 }
        },
        "loc": {
          "start": { "line": 31, "column": 36 },
          "end": { "line": 31, "column": 67 }
        }
      }
    },
    "branchMap": {
      "0": {
        "loc": {
          "start": { "line": 26, "column": 2 },
          "end": { "line": 28, "column": null }
        },
        "type": "if",
        "locations": [
          {
            "start": { "line": 26, "column": 2 },
            "end": { "line": 28, "column": null }
          },
          { "start": {}, "end": {} }
        ]
      },
      "1": {
        "loc": {
          "start": { "line": 31, "column": 2 },
          "end": { "line": 33, "column": null }
        },
        "type": "if",
        "locations": [
          {
            "start": { "line": 31, "column": 2 },
            "end": { "line": 33, "column": null }
          },
          { "start": {}, "end": {} }
        ]
      }
    },
    "s": {
      "0": 21,
      "1": 21,
      "2": 21,
      "3": 21,
      "4": 110,
      "5": 10,
      "6": 11,
      "7": 44,
      "8": 9,
      "9": 2
    },
    "f": { "0": 21, "1": 110, "2": 44 },
    "b": { "0": [10, 11], "1": [9, 2] }
  },
  "/Users/johnpc/repo/jpc-party-pics/src/helpers/getAccelerateUrl.ts": {
    "path": "/Users/johnpc/repo/jpc-party-pics/src/helpers/getAccelerateUrl.ts",
    "statementMap": {
      "0": {
        "start": { "line": 3, "column": 32 },
        "end": { "line": 16, "column": null }
      },
      "1": {
        "start": { "line": 4, "column": 14 },
        "end": { "line": 14, "column": null }
      },
      "2": {
        "start": { "line": 15, "column": 2 },
        "end": { "line": 15, "column": null }
      }
    },
    "fnMap": {
      "0": {
        "name": "(anonymous_0)",
        "decl": {
          "start": { "line": 3, "column": 32 },
          "end": { "line": 3, "column": 39 }
        },
        "loc": {
          "start": { "line": 3, "column": 69 },
          "end": { "line": 16, "column": null }
        }
      }
    },
    "branchMap": {},
    "s": { "0": 1, "1": 2, "2": 2 },
    "f": { "0": 2 },
    "b": {}
  },
  "/Users/johnpc/repo/jpc-party-pics/src/helpers/humanFileSize.ts": {
    "path": "/Users/johnpc/repo/jpc-party-pics/src/helpers/humanFileSize.ts",
    "statementMap": {
      "0": {
        "start": { "line": 2, "column": 17 },
        "end": { "line": 2, "column": null }
      },
      "1": {
        "start": { "line": 4, "column": 2 },
        "end": { "line": 6, "column": null }
      },
      "2": {
        "start": { "line": 5, "column": 4 },
        "end": { "line": 5, "column": null }
      },
      "3": {
        "start": { "line": 8, "column": 16 },
        "end": { "line": 10, "column": null }
      },
      "4": {
        "start": { "line": 11, "column": 10 },
        "end": { "line": 11, "column": null }
      },
      "5": {
        "start": { "line": 12, "column": 12 },
        "end": { "line": 12, "column": null }
      },
      "6": {
        "start": { "line": 14, "column": 2 },
        "end": { "line": 19, "column": null }
      },
      "7": {
        "start": { "line": 15, "column": 4 },
        "end": { "line": 15, "column": null }
      },
      "8": {
        "start": { "line": 16, "column": 4 },
        "end": { "line": 16, "column": null }
      },
      "9": {
        "start": { "line": 22, "column": 2 },
        "end": { "line": 22, "column": null }
      }
    },
    "fnMap": {
      "0": {
        "name": "humanFileSize",
        "decl": {
          "start": { "line": 1, "column": 16 },
          "end": { "line": 1, "column": 30 }
        },
        "loc": {
          "start": { "line": 1, "column": 73 },
          "end": { "line": 23, "column": null }
        }
      }
    },
    "branchMap": {
      "0": {
        "loc": {
          "start": { "line": 1, "column": 45 },
          "end": { "line": 1, "column": 57 }
        },
        "type": "default-arg",
        "locations": [
          {
            "start": { "line": 1, "column": 50 },
            "end": { "line": 1, "column": 57 }
          }
        ]
      },
      "1": {
        "loc": {
          "start": { "line": 1, "column": 57 },
          "end": { "line": 1, "column": 73 }
        },
        "type": "default-arg",
        "locations": [
          {
            "start": { "line": 1, "column": 62 },
            "end": { "line": 1, "column": 73 }
          }
        ]
      },
      "2": {
        "loc": {
          "start": { "line": 2, "column": 17 },
          "end": { "line": 2, "column": null }
        },
        "type": "cond-expr",
        "locations": [
          {
            "start": { "line": 2, "column": 22 },
            "end": { "line": 2, "column": 29 }
          },
          {
            "start": { "line": 2, "column": 29 },
            "end": { "line": 2, "column": null }
          }
        ]
      },
      "3": {
        "loc": {
          "start": { "line": 4, "column": 2 },
          "end": { "line": 6, "column": null }
        },
        "type": "if",
        "locations": [
          {
            "start": { "line": 4, "column": 2 },
            "end": { "line": 6, "column": null }
          },
          { "start": {}, "end": {} }
        ]
      },
      "4": {
        "loc": {
          "start": { "line": 8, "column": 16 },
          "end": { "line": 10, "column": null }
        },
        "type": "cond-expr",
        "locations": [
          {
            "start": { "line": 9, "column": 6 },
            "end": { "line": 9, "column": null }
          },
          {
            "start": { "line": 10, "column": 6 },
            "end": { "line": 10, "column": null }
          }
        ]
      },
      "5": {
        "loc": {
          "start": { "line": 18, "column": 4 },
          "end": { "line": 19, "column": null }
        },
        "type": "binary-expr",
        "locations": [
          {
            "start": { "line": 18, "column": 4 },
            "end": { "line": 18, "column": null }
          },
          {
            "start": { "line": 19, "column": 4 },
            "end": { "line": 19, "column": null }
          }
        ]
      }
    },
    "s": {
      "0": 23,
      "1": 23,
      "2": 2,
      "3": 21,
      "4": 21,
      "5": 21,
      "6": 21,
      "7": 25,
      "8": 25,
      "9": 21
    },
    "f": { "0": 23 },
    "b": {
      "0": [20],
      "1": [22],
      "2": [2, 21],
      "3": [2, 21],
      "4": [2, 19],
      "5": [25, 4]
    }
  },
  "/Users/johnpc/repo/jpc-party-pics/src/helpers/isMobileScreenSize.ts": {
    "path": "/Users/johnpc/repo/jpc-party-pics/src/helpers/isMobileScreenSize.ts",
    "statementMap": {
      "0": {
        "start": { "line": 1, "column": 34 },
        "end": { "line": 1, "column": null }
      }
    },
    "fnMap": {},
    "branchMap": {},
    "s": { "0": 2 },
    "f": {},
    "b": {}
  },
  "/Users/johnpc/repo/jpc-party-pics/src/helpers/sleep.ts": {
    "path": "/Users/johnpc/repo/jpc-party-pics/src/helpers/sleep.ts",
    "statementMap": {
      "0": {
        "start": { "line": 1, "column": 13 },
        "end": { "line": 2, "column": null }
      },
      "1": {
        "start": { "line": 2, "column": 2 },
        "end": { "line": 2, "column": null }
      },
      "2": {
        "start": { "line": 2, "column": 27 },
        "end": { "line": 2, "column": 58 }
      }
    },
    "fnMap": {
      "0": {
        "name": "(anonymous_0)",
        "decl": {
          "start": { "line": 1, "column": 13 },
          "end": { "line": 1, "column": 22 }
        },
        "loc": {
          "start": { "line": 2, "column": 2 },
          "end": { "line": 2, "column": null }
        }
      },
      "1": {
        "name": "(anonymous_1)",
        "decl": {
          "start": { "line": 2, "column": 6 },
          "end": { "line": 2, "column": 15 }
        },
        "loc": {
          "start": { "line": 2, "column": 27 },
          "end": { "line": 2, "column": 58 }
        }
      }
    },
    "branchMap": {},
    "s": { "0": 1, "1": 2, "2": 2 },
    "f": { "0": 2, "1": 2 },
    "b": {}
  },
  "/Users/johnpc/repo/jpc-party-pics/src/hooks/useAlbums.ts": {
    "path": "/Users/johnpc/repo/jpc-party-pics/src/hooks/useAlbums.ts",
    "statementMap": {
      "0": {
        "start": { "line": 5, "column": 15 },
        "end": { "line": 5, "column": null }
      },
      "1": {
        "start": { "line": 7, "column": 13 },
        "end": { "line": 15, "column": null }
      },
      "2": {
        "start": { "line": 8, "column": 2 },
        "end": { "line": 14, "column": null }
      },
      "3": {
        "start": { "line": 11, "column": 23 },
        "end": { "line": 11, "column": null }
      },
      "4": {
        "start": { "line": 12, "column": 6 },
        "end": { "line": 12, "column": null }
      },
      "5": {
        "start": { "line": 17, "column": 13 },
        "end": { "line": 30, "column": null }
      },
      "6": {
        "start": { "line": 18, "column": 22 },
        "end": { "line": 18, "column": null }
      },
      "7": {
        "start": { "line": 20, "column": 2 },
        "end": { "line": 29, "column": null }
      },
      "8": {
        "start": { "line": 22, "column": 21 },
        "end": { "line": 22, "column": null }
      },
      "9": {
        "start": { "line": 23, "column": 6 },
        "end": { "line": 23, "column": null }
      },
      "10": {
        "start": { "line": 23, "column": 25 },
        "end": { "line": 23, "column": null }
      },
      "11": {
        "start": { "line": 24, "column": 6 },
        "end": { "line": 24, "column": null }
      },
      "12": {
        "start": { "line": 27, "column": 6 },
        "end": { "line": 27, "column": null }
      }
    },
    "fnMap": {
      "0": {
        "name": "(anonymous_0)",
        "decl": {
          "start": { "line": 7, "column": 13 },
          "end": { "line": 7, "column": 31 }
        },
        "loc": {
          "start": { "line": 7, "column": 31 },
          "end": { "line": 15, "column": null }
        }
      },
      "1": {
        "name": "(anonymous_1)",
        "decl": {
          "start": { "line": 10, "column": 13 },
          "end": { "line": 10, "column": 25 }
        },
        "loc": {
          "start": { "line": 10, "column": 25 },
          "end": { "line": 13, "column": null }
        }
      },
      "2": {
        "name": "(anonymous_2)",
        "decl": {
          "start": { "line": 17, "column": 13 },
          "end": { "line": 17, "column": 36 }
        },
        "loc": {
          "start": { "line": 17, "column": 36 },
          "end": { "line": 30, "column": null }
        }
      },
      "3": {
        "name": "(anonymous_3)",
        "decl": {
          "start": { "line": 21, "column": 16 },
          "end": { "line": 21, "column": 23 }
        },
        "loc": {
          "start": { "line": 21, "column": 45 },
          "end": { "line": 25, "column": null }
        }
      },
      "4": {
        "name": "(anonymous_4)",
        "decl": {
          "start": { "line": 26, "column": 4 },
          "end": { "line": 26, "column": 21 }
        },
        "loc": {
          "start": { "line": 26, "column": 21 },
          "end": { "line": 28, "column": null }
        }
      }
    },
    "branchMap": {
      "0": {
        "loc": {
          "start": { "line": 12, "column": 13 },
          "end": { "line": 12, "column": null }
        },
        "type": "binary-expr",
        "locations": [
          {
            "start": { "line": 12, "column": 13 },
            "end": { "line": 12, "column": 30 }
          },
          {
            "start": { "line": 12, "column": 30 },
            "end": { "line": 12, "column": null }
          }
        ]
      },
      "1": {
        "loc": {
          "start": { "line": 23, "column": 6 },
          "end": { "line": 23, "column": null }
        },
        "type": "if",
        "locations": [
          {
            "start": { "line": 23, "column": 6 },
            "end": { "line": 23, "column": null }
          },
          { "start": {}, "end": {} }
        ]
      }
    },
    "s": {
      "0": 1,
      "1": 1,
      "2": 4,
      "3": 2,
      "4": 2,
      "5": 1,
      "6": 2,
      "7": 2,
      "8": 2,
      "9": 2,
      "10": 1,
      "11": 1,
      "12": 1
    },
    "f": { "0": 4, "1": 2, "2": 2, "3": 2, "4": 1 },
    "b": { "0": [2, 1], "1": [1, 1] }
  },
  "/Users/johnpc/repo/jpc-party-pics/src/hooks/useCamera.ts": {
    "path": "/Users/johnpc/repo/jpc-party-pics/src/hooks/useCamera.ts",
    "statementMap": {
      "0": {
        "start": { "line": 10, "column": 15 },
        "end": { "line": 10, "column": null }
      },
      "1": {
        "start": { "line": 12, "column": 4 },
        "end": { "line": 12, "column": null }
      },
      "2": {
        "start": { "line": 13, "column": 27 },
        "end": { "line": 13, "column": null }
      },
      "3": {
        "start": { "line": 14, "column": 16 },
        "end": { "line": 14, "column": null }
      },
      "4": {
        "start": { "line": 15, "column": 2 },
        "end": { "line": 18, "column": null }
      },
      "5": {
        "start": { "line": 16, "column": 4 },
        "end": { "line": 16, "column": null }
      },
      "6": {
        "start": { "line": 17, "column": 4 },
        "end": { "line": 17, "column": null }
      },
      "7": {
        "start": { "line": 19, "column": 2 },
        "end": { "line": 19, "column": null }
      },
      "8": {
        "start": { "line": 23, "column": 19 },
        "end": { "line": 23, "column": null }
      },
      "9": {
        "start": { "line": 24, "column": 20 },
        "end": { "line": 24, "column": null }
      },
      "10": {
        "start": { "line": 25, "column": 27 },
        "end": { "line": 25, "column": null }
      },
      "11": {
        "start": { "line": 26, "column": 20 },
        "end": { "line": 26, "column": null }
      },
      "12": {
        "start": { "line": 27, "column": 20 },
        "end": { "line": 27, "column": null }
      },
      "13": {
        "start": { "line": 29, "column": 26 },
        "end": { "line": 29, "column": null }
      },
      "14": {
        "start": { "line": 30, "column": 36 },
        "end": { "line": 30, "column": null }
      },
      "15": {
        "start": { "line": 31, "column": 36 },
        "end": { "line": 31, "column": null }
      },
      "16": {
        "start": { "line": 32, "column": 30 },
        "end": { "line": 32, "column": null }
      },
      "17": {
        "start": { "line": 33, "column": 17 },
        "end": { "line": 33, "column": null }
      },
      "18": {
        "start": { "line": 35, "column": 22 },
        "end": { "line": 35, "column": null }
      },
      "19": {
        "start": { "line": 37, "column": 22 },
        "end": { "line": 52, "column": null }
      },
      "20": {
        "start": { "line": 38, "column": 4 },
        "end": { "line": 51, "column": null }
      },
      "21": {
        "start": { "line": 39, "column": 21 },
        "end": { "line": 42, "column": null }
      },
      "22": {
        "start": { "line": 43, "column": 6 },
        "end": { "line": 43, "column": null }
      },
      "23": {
        "start": { "line": 44, "column": 6 },
        "end": { "line": 47, "column": null }
      },
      "24": {
        "start": { "line": 45, "column": 8 },
        "end": { "line": 45, "column": null }
      },
      "25": {
        "start": { "line": 46, "column": 8 },
        "end": { "line": 46, "column": null }
      },
      "26": {
        "start": { "line": 48, "column": 6 },
        "end": { "line": 48, "column": null }
      },
      "27": {
        "start": { "line": 50, "column": 6 },
        "end": { "line": 50, "column": null }
      },
      "28": {
        "start": { "line": 54, "column": 8 },
        "end": { "line": 57, "column": null }
      },
      "29": {
        "start": { "line": 55, "column": 4 },
        "end": { "line": 55, "column": null }
      },
      "30": {
        "start": { "line": 55, "column": 54 },
        "end": { "line": 55, "column": 66 }
      },
      "31": {
        "start": { "line": 56, "column": 4 },
        "end": { "line": 56, "column": null }
      },
      "32": {
        "start": { "line": 59, "column": 23 },
        "end": { "line": 99, "column": null }
      },
      "33": {
        "start": { "line": 60, "column": 4 },
        "end": { "line": 60, "column": null }
      },
      "34": {
        "start": { "line": 60, "column": 49 },
        "end": { "line": 60, "column": null }
      },
      "35": {
        "start": { "line": 62, "column": 19 },
        "end": { "line": 62, "column": null }
      },
      "36": {
        "start": { "line": 63, "column": 18 },
        "end": { "line": 63, "column": null }
      },
      "37": {
        "start": { "line": 64, "column": 4 },
        "end": { "line": 64, "column": null }
      },
      "38": {
        "start": { "line": 65, "column": 4 },
        "end": { "line": 65, "column": null }
      },
      "39": {
        "start": { "line": 66, "column": 4 },
        "end": { "line": 66, "column": null }
      },
      "40": {
        "start": { "line": 68, "column": 4 },
        "end": { "line": 98, "column": null }
      },
      "41": {
        "start": { "line": 70, "column": 8 },
        "end": { "line": 70, "column": null }
      },
      "42": {
        "start": { "line": 70, "column": 19 },
        "end": { "line": 70, "column": null }
      },
      "43": {
        "start": { "line": 72, "column": 8 },
        "end": { "line": 72, "column": null }
      },
      "44": {
        "start": { "line": 73, "column": 8 },
        "end": { "line": 94, "column": null }
      },
      "45": {
        "start": { "line": 74, "column": 23 },
        "end": { "line": 76, "column": null }
      },
      "46": {
        "start": { "line": 77, "column": 44 },
        "end": { "line": 80, "column": null }
      },
      "47": {
        "start": { "line": 82, "column": 10 },
        "end": { "line": 86, "column": null }
      },
      "48": {
        "start": { "line": 88, "column": 10 },
        "end": { "line": 88, "column": null }
      },
      "49": {
        "start": { "line": 89, "column": 10 },
        "end": { "line": 89, "column": null }
      },
      "50": {
        "start": { "line": 90, "column": 10 },
        "end": { "line": 90, "column": null }
      },
      "51": {
        "start": { "line": 90, "column": 27 },
        "end": { "line": 90, "column": 46 }
      },
      "52": {
        "start": { "line": 92, "column": 10 },
        "end": { "line": 92, "column": null }
      },
      "53": {
        "start": { "line": 93, "column": 10 },
        "end": { "line": 93, "column": null }
      },
      "54": {
        "start": { "line": 101, "column": 8 },
        "end": { "line": 139, "column": null }
      },
      "55": {
        "start": { "line": 102, "column": 4 },
        "end": { "line": 102, "column": null }
      },
      "56": {
        "start": { "line": 102, "column": 28 },
        "end": { "line": 102, "column": null }
      },
      "57": {
        "start": { "line": 104, "column": 4 },
        "end": { "line": 104, "column": null }
      },
      "58": {
        "start": { "line": 105, "column": 26 },
        "end": { "line": 105, "column": null }
      },
      "59": {
        "start": { "line": 106, "column": 4 },
        "end": { "line": 106, "column": null }
      },
      "60": {
        "start": { "line": 108, "column": 4 },
        "end": { "line": 110, "column": null }
      },
      "61": {
        "start": { "line": 109, "column": 6 },
        "end": { "line": 109, "column": null }
      },
      "62": {
        "start": { "line": 109, "column": 27 },
        "end": { "line": 109, "column": null }
      },
      "63": {
        "start": { "line": 112, "column": 4 },
        "end": { "line": 135, "column": null }
      },
      "64": {
        "start": { "line": 113, "column": 19 },
        "end": { "line": 113, "column": null }
      },
      "65": {
        "start": { "line": 114, "column": 6 },
        "end": { "line": 114, "column": null }
      },
      "66": {
        "start": { "line": 116, "column": 6 },
        "end": { "line": 134, "column": null }
      },
      "67": {
        "start": { "line": 117, "column": 21 },
        "end": { "line": 119, "column": null }
      },
      "68": {
        "start": { "line": 120, "column": 20 },
        "end": { "line": 120, "column": null }
      },
      "69": {
        "start": { "line": 122, "column": 8 },
        "end": { "line": 126, "column": null }
      },
      "70": {
        "start": { "line": 128, "column": 8 },
        "end": { "line": 128, "column": null }
      },
      "71": {
        "start": { "line": 129, "column": 8 },
        "end": { "line": 129, "column": null }
      },
      "72": {
        "start": { "line": 130, "column": 8 },
        "end": { "line": 130, "column": null }
      },
      "73": {
        "start": { "line": 130, "column": 25 },
        "end": { "line": 130, "column": 44 }
      },
      "74": {
        "start": { "line": 132, "column": 8 },
        "end": { "line": 132, "column": null }
      },
      "75": {
        "start": { "line": 133, "column": 8 },
        "end": { "line": 133, "column": null }
      },
      "76": {
        "start": { "line": 137, "column": 4 },
        "end": { "line": 137, "column": null }
      },
      "77": {
        "start": { "line": 138, "column": 4 },
        "end": { "line": 138, "column": null }
      },
      "78": {
        "start": { "line": 141, "column": 8 },
[...]
        "end": { "line": 82, "column": null }
      }
    },
    "fnMap": {
      "0": {
        "name": "(anonymous_0)",
        "decl": {
          "start": { "line": 8, "column": 13 },
          "end": { "line": 8, "column": 26 }
        },
        "loc": {
          "start": { "line": 8, "column": 48 },
          "end": { "line": 58, "column": null }
        }
      },
      "1": {
        "name": "(anonymous_1)",
        "decl": {
          "start": { "line": 13, "column": 13 },
          "end": { "line": 13, "column": 25 }
        },
        "loc": {
          "start": { "line": 13, "column": 25 },
          "end": { "line": 20, "column": null }
        }
      },
      "2": {
        "name": "(anonymous_2)",
        "decl": {
          "start": { "line": 16, "column": 13 },
          "end": { "line": 16, "column": null }
        },
        "loc": {
          "start": { "line": 17, "column": 18 },
          "end": { "line": 17, "column": null }
        }
      },
      "3": {
        "name": "(anonymous_3)",
        "decl": {
          "start": { "line": 23, "column": 2 },
          "end": { "line": 23, "column": 18 }
        },
        "loc": {
          "start": { "line": 23, "column": 18 },
          "end": { "line": 55, "column": 5 }
        }
      },
      "4": {
        "name": "(anonymous_4)",
        "decl": {
          "start": { "line": 25, "column": 6 },
          "end": { "line": 25, "column": 13 }
        },
        "loc": {
          "start": { "line": 25, "column": 59 },
          "end": { "line": 39, "column": null }
        }
      },
      "5": {
        "name": "(anonymous_5)",
        "decl": {
          "start": { "line": 28, "column": 32 },
          "end": { "line": 28, "column": null }
        },
        "loc": {
          "start": { "line": 29, "column": 26 },
          "end": { "line": 36, "column": null }
        }
      },
      "6": {
        "name": "(anonymous_6)",
        "decl": {
          "start": { "line": 43, "column": 6 },
          "end": { "line": 43, "column": 13 }
        },
        "loc": {
          "start": { "line": 43, "column": 59 },
          "end": { "line": 48, "column": null }
        }
      },
      "7": {
        "name": "(anonymous_7)",
        "decl": {
          "start": { "line": 45, "column": 30 },
          "end": { "line": 45, "column": null }
        },
        "loc": {
          "start": { "line": 46, "column": 24 },
          "end": { "line": 46, "column": null }
        }
      },
      "8": {
        "name": "(anonymous_8)",
        "decl": {
          "start": { "line": 46, "column": 28 },
          "end": { "line": 46, "column": 36 }
        },
        "loc": {
          "start": { "line": 46, "column": 42 },
          "end": { "line": 46, "column": 69 }
        }
      },
      "9": {
        "name": "(anonymous_9)",
        "decl": {
          "start": { "line": 51, "column": 4 },
          "end": { "line": 51, "column": 17 }
        },
        "loc": {
          "start": { "line": 51, "column": 17 },
          "end": { "line": 54, "column": null }
        }
      },
      "10": {
        "name": "(anonymous_10)",
        "decl": {
          "start": { "line": 60, "column": 13 },
          "end": { "line": 60, "column": 31 }
        },
        "loc": {
          "start": { "line": 60, "column": 53 },
          "end": { "line": 71, "column": null }
        }
      },
      "11": {
        "name": "(anonymous_11)",
        "decl": {
          "start": { "line": 64, "column": 16 },
          "end": { "line": 64, "column": 23 }
        },
        "loc": {
          "start": { "line": 64, "column": 44 },
          "end": { "line": 66, "column": null }
        }
      },
      "12": {
        "name": "(anonymous_12)",
        "decl": {
          "start": { "line": 67, "column": 4 },
          "end": { "line": 67, "column": 21 }
        },
        "loc": {
          "start": { "line": 67, "column": 21 },
          "end": { "line": 69, "column": null }
        }
      },
      "13": {
        "name": "(anonymous_13)",
        "decl": {
          "start": { "line": 73, "column": 13 },
          "end": { "line": 73, "column": 31 }
        },
        "loc": {
          "start": { "line": 73, "column": 53 },
          "end": { "line": 85, "column": null }
        }
      },
      "14": {
        "name": "(anonymous_14)",
        "decl": {
          "start": { "line": 77, "column": 16 },
          "end": { "line": 77, "column": 23 }
        },
        "loc": {
          "start": { "line": 77, "column": 39 },
          "end": { "line": 80, "column": null }
        }
      },
      "15": {
        "name": "(anonymous_15)",
        "decl": {
          "start": { "line": 81, "column": 4 },
          "end": { "line": 81, "column": 21 }
        },
        "loc": {
          "start": { "line": 81, "column": 21 },
          "end": { "line": 83, "column": null }
        }
      }
    },
    "branchMap": {
      "0": {
        "loc": {
          "start": { "line": 15, "column": 21 },
          "end": { "line": 15, "column": null }
        },
        "type": "binary-expr",
        "locations": [
          {
            "start": { "line": 15, "column": 21 },
            "end": { "line": 15, "column": 46 }
          },
          {
            "start": { "line": 15, "column": 46 },
            "end": { "line": 15, "column": null }
          }
        ]
      },
      "1": {
        "loc": {
          "start": { "line": 26, "column": 8 },
          "end": { "line": 38, "column": null }
        },
        "type": "if",
        "locations": [
          {
            "start": { "line": 26, "column": 8 },
            "end": { "line": 38, "column": null }
          },
          { "start": {}, "end": {} }
        ]
      },
      "2": {
        "loc": {
          "start": { "line": 29, "column": 13 },
          "end": { "line": 29, "column": 26 }
        },
        "type": "default-arg",
        "locations": [
          {
            "start": { "line": 29, "column": 19 },
            "end": { "line": 29, "column": 26 }
          }
        ]
      },
      "3": {
        "loc": {
          "start": { "line": 46, "column": 11 },
          "end": { "line": 46, "column": 24 }
        },
        "type": "default-arg",
        "locations": [
          {
            "start": { "line": 46, "column": 17 },
            "end": { "line": 46, "column": 24 }
          }
        ]
      }
    },
    "s": {
      "0": 1,
      "1": 1,
      "2": 10,
      "3": 10,
      "4": 5,
      "5": 5,
      "6": 5,
      "7": 1,
      "8": 5,
      "9": 10,
      "10": 5,
      "11": 2,
      "12": 1,
      "13": 1,
      "14": 5,
      "15": 1,
      "16": 1,
      "17": 0,
      "18": 5,
      "19": 5,
      "20": 5,
      "21": 10,
      "22": 1,
      "23": 1,
      "24": 1,
      "25": 1,
      "26": 1,
      "27": 1,
      "28": 1,
      "29": 1,
      "30": 1,
      "31": 1,
      "32": 1
    },
    "f": {
      "0": 10,
      "1": 5,
      "2": 1,
      "3": 5,
      "4": 2,
      "5": 1,
      "6": 1,
      "7": 1,
      "8": 0,
      "9": 5,
      "10": 1,
      "11": 1,
      "12": 1,
      "13": 1,
      "14": 1,
      "15": 1
    },
    "b": { "0": [5, 1], "1": [1, 1], "2": [1], "3": [1] }
  },
  "/Users/johnpc/repo/jpc-party-pics/src/hooks/usePhotoGallery.ts": {
    "path": "/Users/johnpc/repo/jpc-party-pics/src/hooks/usePhotoGallery.ts",
    "statementMap": {
      "0": {
        "start": { "line": 10, "column": 54 },
        "end": { "line": 10, "column": null }
      },
      "1": {
        "start": { "line": 11, "column": 46 },
        "end": { "line": 11, "column": null }
      },
      "2": {
        "start": { "line": 13, "column": 43 },
        "end": { "line": 13, "column": null }
      },
      "3": {
        "start": { "line": 14, "column": 30 },
        "end": { "line": 14, "column": null }
      },
      "4": {
        "start": { "line": 16, "column": 23 },
        "end": { "line": 26, "column": null }
      },
      "5": {
        "start": { "line": 17, "column": 16 },
        "end": { "line": 24, "column": null }
      },
      "6": {
        "start": { "line": 25, "column": 4 },
        "end": { "line": 25, "column": null }
      },
      "7": {
        "start": { "line": 28, "column": 21 },
        "end": { "line": 36, "column": null }
      },
      "8": {
        "start": { "line": 29, "column": 22 },
        "end": { "line": 31, "column": null }
      },
      "9": {
        "start": { "line": 32, "column": 4 },
        "end": { "line": 32, "column": null }
      },
      "10": {
        "start": { "line": 32, "column": 20 },
        "end": { "line": 32, "column": null }
      },
      "11": {
        "start": { "line": 34, "column": 4 },
        "end": { "line": 34, "column": null }
      },
      "12": {
        "start": { "line": 35, "column": 4 },
        "end": { "line": 35, "column": null }
      },
      "13": {
        "start": { "line": 38, "column": 22 },
        "end": { "line": 58, "column": null }
      },
      "14": {
        "start": { "line": 39, "column": 22 },
        "end": { "line": 39, "column": null }
      },
      "15": {
        "start": { "line": 39, "column": 52 },
        "end": { "line": 39, "column": 70 }
      },
      "16": {
        "start": { "line": 40, "column": 22 },
        "end": { "line": 42, "column": null }
      },
      "17": {
        "start": { "line": 43, "column": 4 },
        "end": { "line": 43, "column": null }
      },
      "18": {
        "start": { "line": 43, "column": 20 },
        "end": { "line": 43, "column": null }
      },
      "19": {
        "start": { "line": 45, "column": 4 },
        "end": { "line": 45, "column": null }
      },
      "20": {
        "start": { "line": 46, "column": 4 },
        "end": { "line": 56, "column": null }
      },
      "21": {
        "start": { "line": 47, "column": 30 },
        "end": { "line": 50, "column": null }
      },
      "22": {
        "start": { "line": 51, "column": 28 },
        "end": { "line": 51, "column": null }
      },
      "23": {
        "start": { "line": 52, "column": 6 },
        "end": { "line": 52, "column": null }
      },
      "24": {
        "start": { "line": 54, "column": 6 },
        "end": { "line": 54, "column": null }
      },
      "25": {
        "start": { "line": 55, "column": 6 },
        "end": { "line": 55, "column": null }
      },
      "26": {
        "start": { "line": 57, "column": 4 },
        "end": { "line": 57, "column": null }
      },
      "27": {
        "start": { "line": 60, "column": 8 },
        "end": { "line": 60, "column": null }
      },
      "28": {
        "start": { "line": 60, "column": 28 },
        "end": { "line": 60, "column": null }
      },
      "29": {
        "start": { "line": 62, "column": 8 },
        "end": { "line": 62, "column": null }
      },
      "30": {
        "start": { "line": 62, "column": 48 },
        "end": { "line": 62, "column": null }
      },
      "31": {
        "start": { "line": 64, "column": 8 },
        "end": { "line": 68, "column": null }
      },
      "32": {
        "start": { "line": 65, "column": 18 },
        "end": { "line": 65, "column": null }
      },
      "33": {
        "start": { "line": 65, "column": 42 },
        "end": { "line": 65, "column": 61 }
      },
      "34": {
        "start": { "line": 66, "column": 22 },
        "end": { "line": 66, "column": null }
      },
      "35": {
        "start": { "line": 67, "column": 4 },
        "end": { "line": 67, "column": null }
      },
      "36": {
        "start": { "line": 70, "column": 8 },
        "end": { "line": 74, "column": null }
      },
      "37": {
        "start": { "line": 71, "column": 18 },
        "end": { "line": 71, "column": null }
      },
      "38": {
        "start": { "line": 71, "column": 42 },
        "end": { "line": 71, "column": 61 }
      },
      "39": {
        "start": { "line": 72, "column": 25 },
        "end": { "line": 72, "column": null }
      },
      "40": {
        "start": { "line": 73, "column": 4 },
        "end": { "line": 73, "column": null }
      },
      "41": {
        "start": { "line": 76, "column": 2 },
        "end": { "line": 88, "column": null }
      }
    },
    "fnMap": {
      "0": {
        "name": "usePhotoGallery",
        "decl": {
          "start": { "line": 9, "column": 16 },
          "end": { "line": 9, "column": 32 }
        },
        "loc": {
          "start": { "line": 9, "column": 76 },
          "end": { "line": 89, "column": null }
        }
      },
      "1": {
        "name": "(anonymous_1)",
        "decl": {
          "start": { "line": 16, "column": 23 },
          "end": { "line": 16, "column": 30 }
        },
        "loc": {
          "start": { "line": 16, "column": 46 },
          "end": { "line": 26, "column": null }
        }
      },
      "2": {
        "name": "(anonymous_2)",
        "decl": {
          "start": { "line": 28, "column": 21 },
          "end": { "line": 28, "column": 28 }
        },
        "loc": {
          "start": { "line": 28, "column": 44 },
          "end": { "line": 36, "column": null }
        }
      },
      "3": {
        "name": "(anonymous_3)",
        "decl": {
          "start": { "line": 38, "column": 22 },
          "end": { "line": 38, "column": 34 }
        },
        "loc": {
          "start": { "line": 38, "column": 34 },
          "end": { "line": 58, "column": null }
        }
      },
      "4": {
        "name": "(anonymous_4)",
        "decl": {
          "start": { "line": 39, "column": 29 },
          "end": { "line": 39, "column": 37 }
        },
        "loc": {
          "start": { "line": 39, "column": 52 },
          "end": { "line": 39, "column": 70 }
        }
      },
      "5": {
        "name": "(anonymous_5)",
        "decl": {
          "start": { "line": 60, "column": 8 },
          "end": { "line": 60, "column": 28 }
        },
        "loc": {
          "start": { "line": 60, "column": 28 },
          "end": { "line": 60, "column": null }
        }
      },
      "6": {
        "name": "(anonymous_6)",
        "decl": {
          "start": { "line": 62, "column": 8 },
          "end": { "line": 62, "column": 27 }
        },
        "loc": {
          "start": { "line": 62, "column": 48 },
          "end": { "line": 62, "column": null }
        }
      },
      "7": {
        "name": "(anonymous_7)",
        "decl": {
          "start": { "line": 64, "column": 8 },
          "end": { "line": 64, "column": 27 }
        },
        "loc": {
          "start": { "line": 64, "column": 48 },
          "end": { "line": 68, "column": null }
        }
      },
      "8": {
        "name": "(anonymous_8)",
        "decl": {
          "start": { "line": 65, "column": 25 },
          "end": { "line": 65, "column": 36 }
        },
        "loc": {
          "start": { "line": 65, "column": 42 },
          "end": { "line": 65, "column": 61 }
        }
      },
      "9": {
        "name": "(anonymous_9)",
        "decl": {
          "start": { "line": 70, "column": 8 },
          "end": { "line": 70, "column": 30 }
        },
        "loc": {
          "start": { "line": 70, "column": 51 },
          "end": { "line": 74, "column": null }
        }
      },
      "10": {
        "name": "(anonymous_10)",
        "decl": {
          "start": { "line": 71, "column": 25 },
          "end": { "line": 71, "column": 36 }
        },
        "loc": {
          "start": { "line": 71, "column": 42 },
          "end": { "line": 71, "column": 61 }
        }
      }
    },
    "branchMap": {
      "0": {
        "loc": {
          "start": { "line": 13, "column": 16 },
          "end": { "line": 13, "column": 29 }
        },
        "type": "default-arg",
        "locations": [
          {
            "start": { "line": 13, "column": 25 },
            "end": { "line": 13, "column": 29 }
          }
        ]
      },
      "1": {
        "loc": {
          "start": { "line": 32, "column": 4 },
          "end": { "line": 32, "column": null }
        },
        "type": "if",
        "locations": [
          {
            "start": { "line": 32, "column": 4 },
            "end": { "line": 32, "column": null }
          },
          { "start": {}, "end": {} }
        ]
      },
      "2": {
        "loc": {
          "start": { "line": 43, "column": 4 },
          "end": { "line": 43, "column": null }
        },
        "type": "if",
        "locations": [
          {
            "start": { "line": 43, "column": 4 },
            "end": { "line": 43, "column": null }
          },
          { "start": {}, "end": {} }
        ]
      },
      "3": {
        "loc": {
          "start": { "line": 52, "column": 25 },
          "end": { "line": 52, "column": 69 }
        },
        "type": "binary-expr",
        "locations": [
          {
            "start": { "line": 52, "column": 25 },
            "end": { "line": 52, "column": 46 }
          },
          {
            "start": { "line": 52, "column": 46 },
            "end": { "line": 52, "column": 69 }
          }
        ]
      },
      "4": {
        "loc": {
          "start": { "line": 66, "column": 22 },
          "end": { "line": 66, "column": null }
        },
        "type": "cond-expr",
        "locations": [
          {
            "start": { "line": 66, "column": 36 },
            "end": { "line": 66, "column": 56 }
          },
          {
            "start": { "line": 66, "column": 56 },
            "end": { "line": 66, "column": null }
          }
        ]
      },
      "5": {
        "loc": {
          "start": { "line": 72, "column": 25 },
          "end": { "line": 72, "column": null }
        },
        "type": "cond-expr",
        "locations": [
          {
            "start": { "line": 72, "column": 55 },
            "end": { "line": 72, "column": 59 }
          },
          {
            "start": { "line": 72, "column": 59 },
            "end": { "line": 72, "column": null }
          }
        ]
      }
    },
    "s": {
      "0": 34,
      "1": 34,
      "2": 34,
      "3": 34,
      "4": 34,
      "5": 3,
      "6": 3,
      "7": 34,
      "8": 2,
      "9": 2,
      "10": 1,
      "11": 1,
      "12": 1,
      "13": 34,
      "14": 4,
      "15": 11,
      "16": 4,
      "17": 4,
      "18": 1,
      "19": 3,
      "20": 3,
      "21": 3,
      "22": 2,
      "23": 2,
      "24": 1,
      "25": 1,
      "26": 3,
      "27": 34,
      "28": 2,
      "29": 34,
      "30": 9,
      "31": 34,
      "32": 2,
      "33": 3,
      "34": 2,
      "35": 2,
      "36": 34,
      "37": 2,
      "38": 4,
      "39": 2,
      "40": 2,
      "41": 34
    },
    "f": {
      "0": 34,
      "1": 3,
      "2": 2,
      "3": 4,
      "4": 11,
      "5": 2,
      "6": 9,
      "7": 2,
      "8": 3,
      "9": 2,
      "10": 4
    },
    "b": {
      "0": [0],
      "1": [1, 1],
      "2": [1, 3],
      "3": [2, 0],
      "4": [1, 1],
      "5": [1, 1]
    }
  },
  "/Users/johnpc/repo/jpc-party-pics/src/providers/QueryProvider.tsx": {
    "path": "/Users/johnpc/repo/jpc-party-pics/src/providers/QueryProvider.tsx",
    "statementMap": {
      "0": {
        "start": { "line": 4, "column": 20 },
        "end": { "line": 11, "column": null }
      },
      "1": {
        "start": { "line": 13, "column": 13 },
        "end": { "line": 14, "column": null }
      },
      "2": {
        "start": { "line": 14, "column": 2 },
        "end": { "line": 14, "column": null }
      }
    },
    "fnMap": {
      "0": {
        "name": "(anonymous_0)",
        "decl": {
          "start": { "line": 13, "column": 13 },
          "end": { "line": 13, "column": 30 }
        },
        "loc": {
          "start": { "line": 14, "column": 2 },
          "end": { "line": 14, "column": null }
        }
      }
    },
    "branchMap": {},
    "s": { "0": 1, "1": 1, "2": 1 },
    "f": { "0": 1 },
    "b": {}
  }
}
